2022-12-04 13:58:58 [@yosrals-MacBook-Pro.local]
Internal #1: Launch olaticket
2022-12-04 16:12:21 [@yosrals-MacBook-Pro.local]
Internal #1: Launch slaticket
2022-12-04 16:27:28 [2@yosrals-MacBook-Pro.local]
Internal #1: Launch planningrecall
2022-12-04 16:32:35 [2@yosrals-MacBook-Pro.local]
Internal #1: Launch graph
2022-12-04 17:17:21 [2@yosrals-MacBook-Pro.local]
Internal #1: Launch RecurrentItems
2022-12-08 09:32:11 [@yosrals-MacBook-Pro.local]
Internal #1: Launch watcher
2022-12-08 10:21:04 [2@yosrals-MacBook-Pro.local]
Internal #1: Launch contract
2022-12-08 10:39:17 [2@yosrals-MacBook-Pro.local]
Internal #1: Launch mailgateerror
2022-12-14 14:09:07 [2@yosrals-MacBook-Pro.local]
Internal #1: Launch planningrecall
2023-01-20 05:15:07 [@DESKTOP-737D8R5]
Internal #1: Launch planningrecall
2023-01-20 05:19:23 [@DESKTOP-737D8R5]
Internal #1: Launch mailgate
2023-01-20 05:19:31 [@DESKTOP-737D8R5]
Internal #1: Launch olaticket
2023-01-20 05:25:02 [18@DESKTOP-737D8R5]
Internal #1: Launch queuednotification
2023-01-20 08:27:21 [18@DESKTOP-737D8R5]
Internal #1: Launch RecurrentItems
2023-01-20 08:33:03 [18@DESKTOP-737D8R5]
Internal #1: Launch createinquest
