2022-12-04 16:12:30 [@yosrals-MacBook-Pro.local]
[login] 3: glpi login from IP ::1
2022-12-08 09:31:38 [@yosrals-MacBook-Pro.local]
[login] 3: Failed login for  from IP ::1
2022-12-08 10:11:28 [@yosrals-MacBook-Pro.local]
[login] 3: glpi login from IP ::1
2023-01-21 12:31:12 [@yosrals-MacBook-Pro.local]
[login] 3: glpi log in from IP ::1
2023-01-21 12:37:46 [@yosrals-MacBook-Pro.local]
[login] 3: glpi log in from IP ::1
2023-01-21 14:20:50 [@yosrals-MacBook-Pro.local]
[login] 3: glpi log in from IP ::1
2023-01-22 05:00:49 [@yosrals-MacBook-Pro.local]
[login] 3: glpi log in from IP ::1
2023-01-22 05:03:47 [@yosrals-MacBook-Pro.local]
[login] 3: glpi log in from IP ::1
2023-01-22 05:15:53 [@yosrals-MacBook-Pro.local]
[login] 3: glpi log in from IP ::1
2023-01-22 05:19:01 [@yosrals-MacBook-Pro.local]
[login] 3: glpi log in from IP ::1
2023-01-22 05:29:52 [@yosrals-MacBook-Pro.local]
[login] 3: glpi log in from IP ::1
2023-01-22 05:35:32 [@yosrals-MacBook-Pro.local]
[login] 3: post-only log in from IP ::1
2023-01-22 05:41:50 [@yosrals-MacBook-Pro.local]
[login] 3: post-only log in from IP ::1
2023-01-22 05:43:10 [@yosrals-MacBook-Pro.local]
[login] 3: post-only log in from IP ::1
2023-01-22 05:46:01 [@yosrals-MacBook-Pro.local]
[login] 3: post-only log in from IP ::1
2023-01-22 05:47:16 [@yosrals-MacBook-Pro.local]
[login] 3: glpi log in from IP ::1
2023-01-22 05:47:27 [@yosrals-MacBook-Pro.local]
[login] 3: post-only log in from IP ::1
2023-01-22 05:48:20 [@yosrals-MacBook-Pro.local]
[login] 3: post-only log in from IP ::1
2023-01-22 05:49:21 [@yosrals-MacBook-Pro.local]
[login] 3: post-only log in from IP ::1
2023-01-22 06:04:43 [@yosrals-MacBook-Pro.local]
[login] 3: post-only log in from IP ::1
2023-01-22 06:06:37 [@yosrals-MacBook-Pro.local]
[login] 3: post-only log in from IP ::1
2023-01-22 06:29:28 [@yosrals-MacBook-Pro.local]
[login] 3: post-only log in from IP ::1
2023-01-22 06:29:47 [@yosrals-MacBook-Pro.local]
[login] 3: post-only log in from IP ::1
2023-01-22 07:33:51 [@yosrals-MacBook-Pro.local]
[login] 3: Failed login for  from IP ::1
2023-01-22 07:34:32 [@yosrals-MacBook-Pro.local]
[login] 3: Failed login for  from IP ::1
2023-01-22 07:34:35 [@yosrals-MacBook-Pro.local]
[login] 3: Failed login for  from IP ::1
2023-01-22 07:34:37 [@yosrals-MacBook-Pro.local]
[login] 3: Failed login for  from IP ::1
2023-01-22 07:34:49 [@yosrals-MacBook-Pro.local]
[login] 3: Failed login for  from IP ::1
2023-01-22 07:35:15 [@yosrals-MacBook-Pro.local]
[login] 3: Failed login for  from IP ::1
2023-01-22 10:23:10 [@yosrals-MacBook-Pro.local]
[login] 3: post-only log in from IP ::1
2023-01-22 11:04:17 [@yosrals-MacBook-Pro.local]
[login] 3: glpi log in from IP ::1
2023-01-22 11:13:23 [@yosrals-MacBook-Pro.local]
[login] 3: Failed login for  from IP ::1
2023-01-22 11:13:35 [@yosrals-MacBook-Pro.local]
[login] 3: Failed login for  from IP ::1
2023-01-22 11:57:57 [@yosrals-MacBook-Pro.local]
[login] 3: Failed login for  from IP ::1
2023-01-22 11:58:34 [@yosrals-MacBook-Pro.local]
[login] 3: Failed login for  from IP ::1
2023-01-22 12:09:15 [@yosrals-MacBook-Pro.local]
[login] 3: Failed login for  from IP ::1
2023-01-22 12:09:19 [@yosrals-MacBook-Pro.local]
[login] 3: Failed login for  from IP ::1
2023-01-22 12:26:19 [@yosrals-MacBook-Pro.local]
[login] 3: Failed login for  from IP ::1
2023-01-22 12:26:29 [@yosrals-MacBook-Pro.local]
[login] 3: Failed login for  from IP ::1
2023-01-22 12:27:15 [@yosrals-MacBook-Pro.local]
[login] 3: Failed login for  from IP ::1
2023-01-22 13:05:13 [@yosrals-MacBook-Pro.local]
[login] 3: Failed login for  from IP ::1
2023-01-22 13:43:21 [@yosrals-MacBook-Pro.local]
[login] 3: glpi log in from IP ::1
2023-01-22 13:45:46 [@yosrals-MacBook-Pro.local]
[login] 3: glpi log in from IP ::1
2023-01-22 14:13:28 [@yosrals-MacBook-Pro.local]
[login] 3: Failed login for  from IP ::1
2023-01-22 14:29:34 [@yosrals-MacBook-Pro.local]
[login] 3: Failed login for  from IP ::1
2023-01-22 14:36:09 [@yosrals-MacBook-Pro.local]
[login] 3: Failed login for  from IP ::1
2023-01-22 14:36:15 [@yosrals-MacBook-Pro.local]
[login] 3: Failed login for  from IP ::1
2023-01-22 14:36:19 [@yosrals-MacBook-Pro.local]
[login] 3: Failed login for  from IP ::1
2023-01-22 14:52:18 [@yosrals-MacBook-Pro.local]
[login] 3: Failed login for  from IP ::1
2023-01-22 15:48:19 [@yosrals-MacBook-Pro.local]
[login] 3: Failed login for  from IP ::1
2023-01-22 15:48:38 [@yosrals-MacBook-Pro.local]
[login] 3: Failed login for  from IP ::1
2023-01-22 15:50:37 [@yosrals-MacBook-Pro.local]
[login] 3: post-only log in from IP ::1
2023-01-22 15:52:58 [@yosrals-MacBook-Pro.local]
[login] 3: Failed login for  from IP ::1
2023-01-22 15:57:53 [@yosrals-MacBook-Pro.local]
[login] 3: Failed login for  from IP ::1
2023-01-22 15:58:43 [@yosrals-MacBook-Pro.local]
[login] 3: Failed login for  from IP ::1
2023-01-22 15:58:46 [@yosrals-MacBook-Pro.local]
[login] 3: Failed login for  from IP ::1
2023-01-22 15:59:28 [@yosrals-MacBook-Pro.local]
[login] 3: Failed login for  from IP ::1
2023-01-22 16:00:42 [@yosrals-MacBook-Pro.local]
[login] 3: Failed login for  from IP ::1
2023-01-22 16:01:21 [@yosrals-MacBook-Pro.local]
[login] 3: Failed login for  from IP ::1
2023-01-22 16:08:17 [@yosrals-MacBook-Pro.local]
[login] 3: Failed login for hbhbhbhb from IP ::1
2023-01-22 17:07:14 [@yosrals-MacBook-Pro.local]
[login] 3: Failed login for  from IP ::1
2023-01-22 17:07:17 [@yosrals-MacBook-Pro.local]
[login] 3: Failed login for  from IP ::1
2023-01-22 17:33:06 [@yosrals-MacBook-Pro.local]
[login] 3: glpi log in from IP ::1
