2023-02-02 07:24:45 [@DESKTOP-T5H1325]
An email was sent to halosis@bps.go.id: [GLPI #0000023] Tiket baru Gangguan pada Simpeg
2023-02-02 07:24:45 [@DESKTOP-T5H1325]
An email was sent to halosis@bps.go.id: [GLPI #0000023] New followup Gangguan pada Simpeg
2023-02-02 07:24:46 [@DESKTOP-T5H1325]
An email was sent to halosis@bps.go.id: [GLPI #0000023] New followup Gangguan pada Simpeg
2023-02-02 07:24:46 [@DESKTOP-T5H1325]
An email was sent to nila_n@bps.go.id: [GLPI #0000023] New group in assignees Gangguan pada Simpeg
2023-02-02 07:24:46 [@DESKTOP-T5H1325]
An email was sent to halosis@bps.go.id: [GLPI #0000023] New followup Gangguan pada Simpeg
2023-02-02 07:24:46 [@DESKTOP-T5H1325]
An email was sent to halosis@bps.go.id: [GLPI #0000021] Closing of the ticket Komputer  rusak
2023-02-02 07:24:46 [@DESKTOP-T5H1325]
An email was sent to hasta.nurhusada@bps.go.id: [GLPI #0000021] Closing of the ticket Komputer  rusak
2023-02-02 07:24:47 [@DESKTOP-T5H1325]
An email was sent to hasta.nurhusada@bps.go.id: [GLPI #0000021] Survei kepuasan Komputer  rusak
2023-02-02 07:24:47 [@DESKTOP-T5H1325]
An email was sent to halosis@bps.go.id: [GLPI #0000023] Ticket solved Gangguan pada Simpeg
2023-02-02 07:24:47 [@DESKTOP-T5H1325]
An email was sent to halosis@bps.go.id: [GLPI #0000023] New followup Gangguan pada Simpeg
2023-02-02 07:24:47 [@DESKTOP-T5H1325]
An email was sent to halosis@bps.go.id: [GLPI #0000023] Ticket solved Gangguan pada Simpeg
2023-02-02 07:24:48 [@DESKTOP-T5H1325]
An email was sent to halosis@bps.go.id: [GLPI #0000023] Closing of the ticket Gangguan pada Simpeg
2023-02-02 07:24:48 [@DESKTOP-T5H1325]
An email was sent to hasta.nurhusada@bps.go.id: [GLPI #0000021] Satisfaction survey answer Komputer  rusak
2023-02-02 07:24:48 [@DESKTOP-T5H1325]
An email was sent to halosis@bps.go.id: [GLPI #0000014] New followup Cek Permintaan
2023-02-02 07:24:48 [@DESKTOP-T5H1325]
An email was sent to halosis@bps.go.id: [GLPI #0000007] New followup Check testing
2023-02-02 07:24:49 [@DESKTOP-T5H1325]
An email was sent to halosis@bps.go.id: [GLPI #0000003] New followup Tolong bikin platform elearning
2023-02-02 07:24:49 [@DESKTOP-T5H1325]
An email was sent to halosis@bps.go.id: [GLPI #0000024] Tiket baru 123
2023-02-02 07:24:49 [@DESKTOP-T5H1325]
An email was sent to halosis@bps.go.id: [GLPI #0000007] New followup Check testing
